<?xml version="1.0" encoding="UTF-8"?>
<!-- Generated by org.testng.reporters.JUnitReportReporter -->
<testsuite hostname="DESKTOP-IP7TE20" failures="0" tests="1" name="com.orangehrm.tests.TC016_NavigatetoUsers" time="7.982" errors="0" timestamp="2025-06-10T22:23:00 IST" skipped="0">
  <testcase classname="com.orangehrm.tests.TC016_NavigatetoUsers" name="NavigatetoUsers" time="7.982"/>
</testsuite> <!-- com.orangehrm.tests.TC016_NavigatetoUsers -->
