<?xml version="1.0" encoding="UTF-8"?>
<!-- Generated by org.testng.reporters.JUnitReportReporter -->
<testsuite hostname="DESKTOP-IP7TE20" failures="0" tests="3" name="com.orangehrm.tests.TC005_BlankPassword" time="38.908" errors="0" timestamp="2025-06-23T10:02:11 IST" skipped="0">
  <testcase classname="com.orangehrm.tests.TC005_BlankPassword" name="BlankPassword" time="25.076"/>
  <testcase classname="com.orangehrm.tests.TC005_BlankPassword" name="BlankPassword" time="4.821"/>
  <testcase classname="com.orangehrm.tests.TC005_BlankPassword" name="BlankPassword" time="9.011"/>
</testsuite> <!-- com.orangehrm.tests.TC005_BlankPassword -->
