<?xml version="1.0" encoding="UTF-8"?>
<!-- Generated by org.testng.reporters.JUnitReportReporter -->
<testsuite hostname="DESKTOP-IP7TE20" failures="0" tests="1" name="com.orangehrm.tests.TC005_BlankPassword" time="3.340" errors="0" timestamp="2025-07-23T18:54:18 IST" skipped="0">
  <testcase classname="com.orangehrm.tests.TC005_BlankPassword" name="BlankPassword" time="3.340"/>
</testsuite> <!-- com.orangehrm.tests.TC005_BlankPassword -->
