<?xml version="1.0" encoding="UTF-8"?>
<!-- Generated by org.testng.reporters.JUnitReportReporter -->
<testsuite hostname="DESKTOP-IP7TE20" failures="0" tests="3" name="com.orangehrm.tests.TC001_ValidLogin" time="77.460" errors="0" timestamp="2025-06-23T10:02:11 IST" skipped="0">
  <testcase classname="com.orangehrm.tests.TC001_ValidLogin" name="ValidLogin" time="12.319"/>
  <testcase classname="com.orangehrm.tests.TC001_ValidLogin" name="ValidLogin" time="5.543"/>
  <testcase classname="com.orangehrm.tests.TC001_ValidLogin" name="ValidLogin" time="59.598"/>
</testsuite> <!-- com.orangehrm.tests.TC001_ValidLogin -->
