<?xml version="1.0" encoding="UTF-8"?>
<!-- Generated by org.testng.reporters.JUnitReportReporter -->
<testsuite hostname="DESKTOP-IP7TE20" failures="0" tests="1" name="com.orangehrm.tests.TC015_ProfileDropdownCheck" time="8.316" errors="0" timestamp="2025-06-03T01:23:35 IST" skipped="0">
  <testcase classname="com.orangehrm.tests.TC015_ProfileDropdownCheck" name="TC015_ProfileDropdownCheck" time="8.316"/>
</testsuite> <!-- com.orangehrm.tests.TC015_ProfileDropdownCheck -->
