<?xml version="1.0" encoding="UTF-8"?>
<!-- Generated by org.testng.reporters.JUnitReportReporter -->
<testsuite hostname="DESKTOP-IP7TE20" failures="0" tests="1" name="com.orangehrm.tests.TC003_InvalidPassword" time="3.683" errors="0" timestamp="2025-06-08T14:58:25 IST" skipped="0">
  <testcase classname="com.orangehrm.tests.TC003_InvalidPassword" name="InvalidPassword" time="3.683"/>
</testsuite> <!-- com.orangehrm.tests.TC003_InvalidPassword -->
