<?xml version="1.0" encoding="UTF-8"?>
<!-- Generated by org.testng.reporters.JUnitReportReporter -->
<testsuite hostname="DESKTOP-IP7TE20" failures="0" tests="3" name="com.orangehrm.tests.TC016_NavigatetoUsers" time="29.192" errors="0" timestamp="2025-06-23T10:02:11 IST" skipped="0">
  <testcase classname="com.orangehrm.tests.TC016_NavigatetoUsers" name="NavigatetoUsers" time="10.076"/>
  <testcase classname="com.orangehrm.tests.TC016_NavigatetoUsers" name="NavigatetoUsers" time="9.264"/>
  <testcase classname="com.orangehrm.tests.TC016_NavigatetoUsers" name="NavigatetoUsers" time="9.852"/>
</testsuite> <!-- com.orangehrm.tests.TC016_NavigatetoUsers -->
