<?xml version="1.0" encoding="UTF-8"?>
<!-- Generated by org.testng.reporters.JUnitReportReporter -->
<testsuite hostname="DESKTOP-IP7TE20" failures="0" tests="3" name="com.orangehrm.tests.TC003_InvalidPassword" time="70.118" errors="0" timestamp="2025-06-23T10:02:11 IST" skipped="0">
  <testcase classname="com.orangehrm.tests.TC003_InvalidPassword" name="InvalidPassword" time="38.009"/>
  <testcase classname="com.orangehrm.tests.TC003_InvalidPassword" name="InvalidPassword" time="11.921"/>
  <testcase classname="com.orangehrm.tests.TC003_InvalidPassword" name="InvalidPassword" time="20.188"/>
</testsuite> <!-- com.orangehrm.tests.TC003_InvalidPassword -->
