<?xml version="1.0" encoding="UTF-8"?>
<!-- Generated by org.testng.reporters.JUnitReportReporter -->
<testsuite hostname="DESKTOP-IP7TE20" failures="0" tests="1" name="com.orangehtm.tests.TC002_InvalidUsername" time="3.480" errors="0" timestamp="2025-06-02T21:36:04 IST" skipped="0">
  <testcase classname="com.orangehtm.tests.TC002_InvalidUsername" name="InvalidUsername" time="3.480"/>
</testsuite> <!-- com.orangehtm.tests.TC002_InvalidUsername -->
