<?xml version="1.0" encoding="UTF-8"?>
<!-- Generated by org.testng.reporters.JUnitReportReporter -->
<testsuite hostname="DESKTOP-IP7TE20" failures="0" tests="1" name="com.orangehtm.tests.BaseClass" time="17.047" errors="0" timestamp="2025-06-02T18:52:16 IST" skipped="0">
  <testcase classname="com.orangehtm.tests.BaseClass" name="setuP" time="17.047"/>
</testsuite> <!-- com.orangehtm.tests.BaseClass -->
