<?xml version="1.0" encoding="UTF-8"?>
<!-- Generated by org.testng.reporters.JUnitReportReporter -->
<testsuite hostname="DESKTOP-IP7TE20" failures="0" tests="3" name="com.orangehrm.tests.TC015_ProfileDropdownCheck" time="25.455" errors="0" timestamp="2025-06-23T10:02:11 IST" skipped="0">
  <testcase classname="com.orangehrm.tests.TC015_ProfileDropdownCheck" name="ProfileDropdownCheck" time="8.795"/>
  <testcase classname="com.orangehrm.tests.TC015_ProfileDropdownCheck" name="ProfileDropdownCheck" time="9.029"/>
  <testcase classname="com.orangehrm.tests.TC015_ProfileDropdownCheck" name="ProfileDropdownCheck" time="7.631"/>
</testsuite> <!-- com.orangehrm.tests.TC015_ProfileDropdownCheck -->
