<?xml version="1.0" encoding="UTF-8"?>
<!-- Generated by org.testng.reporters.JUnitReportReporter -->
<testsuite hostname="DESKTOP-IP7TE20" failures="0" tests="1" name="com.orangehrm.tests.TC004_BlankUsername" time="1.740" errors="0" timestamp="2025-06-11T08:24:30 IST" skipped="0">
  <testcase classname="com.orangehrm.tests.TC004_BlankUsername" name="BlankUsername" time="1.740"/>
</testsuite> <!-- com.orangehrm.tests.TC004_BlankUsername -->
