<?xml version="1.0" encoding="UTF-8"?>
<!-- Generated by org.testng.reporters.JUnitReportReporter -->
<testsuite hostname="DESKTOP-IP7TE20" failures="0" tests="1" name="com.orangehrm.tests.TC010_LogoutFunctionality" time="14.566" errors="0" timestamp="2025-06-11T10:40:11 IST" skipped="0">
  <testcase classname="com.orangehrm.tests.TC010_LogoutFunctionality" name="LogoutFunctionality" time="14.566"/>
</testsuite> <!-- com.orangehrm.tests.TC010_LogoutFunctionality -->
