<?xml version="1.0" encoding="UTF-8"?>
<!-- Generated by org.testng.reporters.JUnitReportReporter -->
<testsuite hostname="DESKTOP-IP7TE20" failures="0" tests="1" name="com.orangehrm.tests.TC002_InvalidUsername" time="5.100" errors="0" timestamp="2025-06-22T11:17:41 IST" skipped="0">
  <testcase classname="com.orangehrm.tests.TC002_InvalidUsername" name="InvalidUsername" time="5.100"/>
</testsuite> <!-- com.orangehrm.tests.TC002_InvalidUsername -->
