<?xml version="1.0" encoding="UTF-8"?>
<!-- Generated by org.testng.reporters.JUnitReportReporter -->
<testsuite hostname="DESKTOP-IP7TE20" failures="0" tests="1" name="com.orangehrm.tests.TC010_LogoutFunctionality" time="9.218" errors="0" timestamp="2025-06-22T11:17:41 IST" skipped="0">
  <testcase classname="com.orangehrm.tests.TC010_LogoutFunctionality" name="LogoutFunctionality" time="9.218"/>
</testsuite> <!-- com.orangehrm.tests.TC010_LogoutFunctionality -->
