<?xml version="1.0" encoding="UTF-8"?>
<!-- Generated by org.testng.reporters.JUnitReportReporter -->
<testsuite hostname="DESKTOP-IP7TE20" failures="0" tests="1" name="com.orangehrm.tests.TC004_BlankUsername" time="4.291" errors="0" timestamp="2025-06-11T10:40:11 IST" skipped="0">
  <testcase classname="com.orangehrm.tests.TC004_BlankUsername" name="BlankUsername" time="4.291"/>
</testsuite> <!-- com.orangehrm.tests.TC004_BlankUsername -->
