<?xml version="1.0" encoding="UTF-8"?>
<!-- Generated by org.testng.reporters.JUnitReportReporter -->
<testsuite hostname="DESKTOP-IP7TE20" failures="0" tests="1" name="com.orangehrm.tests.TC005_BlankPassword" time="7.295" errors="0" timestamp="2025-06-11T10:40:11 IST" skipped="0">
  <testcase classname="com.orangehrm.tests.TC005_BlankPassword" name="BlankPassword" time="7.295"/>
</testsuite> <!-- com.orangehrm.tests.TC005_BlankPassword -->
